True#~#+*.css#~##~##~#0
True#~#+*.wikimedia.org/*#~##~##~#0
True#~#+*.wikipedia.org/*#~##~##~#0
True#~#+*.google.*/images?*#~##~##~#0
True#~#+*google.*/cse?cx=partner*#~##~##~#0
True#~#+*otvety.google.ru/*#~##~##~#0
True#~#+*.admin.tomsk.ru/www/core1.nsf/*#~##~##~#0
True#~#+*.ng.ru/images/right_banners/*#~##~##~#0
True#~#+*/home.corbina.ru/*#~##~##~#0
True#~#+*deviantart.com/global/difi/?*#~##~##~#0
True#~#+*forum.antichat.ru/*/*#~##~##~#0
True#~#+*google.ru/ig|*#~##~##~#0
True#~#+*images.kaspersky.com/*/promo*#~##~##~#0
True#~#+*steampowered.com*#~##~##~#0
True#~#+*zaycev.net/m3_images/i/*#~##~##~#0
True#~#+http://belocal.de/templates/belocal3/partner/nextgen/*#~##~##~#0
True#~#+http://domdot.ru/merge?*#~##~##~#0
True#~#+http://earth.google.com/*#~##~##~#0
True#~#+http://exchengine.ru/bare/export/js.html?*#~##~##~#0
True#~#+http://gallery-*.usercash.com/*#~##~##~#0
True#~#+http://ifolder.ru/random/images/?*#~##~##~#0
True#~#+http://kawaii-radio.net/banners/*#~##~##~#0
True#~#+http://mailstatic.yandex.net/*.js*#~##~##~#0
True#~#+http://pics.rbc.ru/img/*#~##~##~#0
True#~#+http://pics.rbc.ru/quote/*#~##~##~#0
True#~#+http://recordings.ru/mperl/new/popup/_frames.base.pl?r=*#~##~##~#0
True#~#+http://smsdengi.com/partners_js.php?*#~##~##~#0
True#~#+http://stg.odnoklassniki.ru/res/*#~##~##~#0
True#~#+http://technosila.ru/webroot/delivery/images/goods/*#~##~##~#0
True#~#+http://video.sportbox.ru/*/promoplayer.xap|*#~##~##~#0
True#~#+http://www.8bitpeoples.com/*#~##~##~#0
True#~#+http://www.animenfo.com/radio/*.js*#~##~##~#0
True#~#+http://www.vorbis.com/images/banners/*#~##~##~#0