! NOERROR
1under.ru
andrak.ru
b21342.ru
banners.mail.ru
bape3.org
bidtraffic.ru
bitoman.ru
djspace.ru
everall.ru
evolvemediametrics.com
imgsmail.ru
imrworldwide.com
keys-kas.ru
kinopromobase2.ru
kpcdn.net
krutilka.net
mmi.bemobile.ua
mytrix.com
nagval.ru
pop-wmz.ru
popularsite.ru
richclick.ru
rtdns.ru
sb-money.ru
seoprcy.ru
sitetraff.ru
stts.rbc.ru
super.md
tizrotba.ru
uptime.ru
usde.biz
vdna-assets.com
wambacdn.net
webkrug.ru
wikia-beacon.com
xstats.in
! SERVFAIL
4allclick.ru
7sl.ru
alexnov-php.ru
amacaw.ru
bravohost.ru
gokliks.ru
grifiins.ru
sir.uz
statcontent.ru
videotraff.ru
yandes.biz
! NXDOMAIN
! Network issues or other
